app/build/intermediates/manifest_merge_blame_file/debug/manifest-merger-blame-debug-report.txt
1<?xml version="1.0" encoding="utf-8"?>
2<manifest xmlns:android="http://schemas.android.com/apk/res/android"
3    package="com.example.app1"
4    android:versionCode="1"
5    android:versionName="1.0" >
6
7    <uses-sdk
8        android:minSdkVersion="23"
8-->src\main\AndroidManifest.xml
9        android:targetSdkVersion="32" />
9-->src\main\AndroidManifest.xml
10
11    <uses-permission android:name="android.permission.INTERNET" />
11-->src\main\AndroidManifest.xml:5:5-67
11-->src\main\AndroidManifest.xml:5:22-64
12    <uses-permission android:name="android.permission.ACCESS_NETWORK_STATE" />
12-->src\main\AndroidManifest.xml:6:5-79
12-->src\main\AndroidManifest.xml:6:22-76
13    <uses-permission android:name="android.permission.WAKE_LOCK" />
13-->[com.google.android.gms:play-services-measurement-api:21.0.0] AndroidManifest.xml:24:5-68
13-->[com.google.android.gms:play-services-measurement-api:21.0.0] AndroidManifest.xml:24:22-65
14    <uses-permission android:name="com.google.android.gms.permission.AD_ID" />
14-->[com.google.android.gms:play-services-measurement-api:21.0.0] AndroidManifest.xml:25:5-79
14-->[com.google.android.gms:play-services-measurement-api:21.0.0] AndroidManifest.xml:25:22-76
15    <uses-permission android:name="com.google.android.finsky.permission.BIND_GET_INSTALL_REFERRER_SERVICE" />
15-->[com.google.android.gms:play-services-measurement:21.0.0] AndroidManifest.xml:26:5-110
15-->[com.google.android.gms:play-services-measurement:21.0.0] AndroidManifest.xml:26:22-107
16
17    <application
17-->src\main\AndroidManifest.xml:8:5-67:19
18        android:allowBackup="true"
18-->src\main\AndroidManifest.xml:9:9-35
19        android:appComponentFactory="androidx.core.app.CoreComponentFactory"
19-->[androidx.core:core:1.8.0] AndroidManifest.xml:24:18-86
20        android:debuggable="true"
21        android:extractNativeLibs="false"
22        android:icon="@drawable/ic_launcher_background"
22-->src\main\AndroidManifest.xml:10:9-56
23        android:label="@string/app_name"
23-->src\main\AndroidManifest.xml:11:9-41
24        android:roundIcon="@mipmap/logo_round"
24-->src\main\AndroidManifest.xml:12:9-47
25        android:supportsRtl="true"
25-->src\main\AndroidManifest.xml:13:9-35
26        android:testOnly="true"
27        android:theme="@style/Theme.App1" >
27-->src\main\AndroidManifest.xml:14:9-42
28        <activity
28-->src\main\AndroidManifest.xml:15:9-18:66
29            android:name="com.example.app1.authentication.AnonymousActivity"
29-->src\main\AndroidManifest.xml:16:13-61
30            android:exported="false"
30-->src\main\AndroidManifest.xml:17:13-37
31            android:theme="@style/Theme.AppCompat.Translucent" />
31-->src\main\AndroidManifest.xml:18:13-63
32        <activity
32-->src\main\AndroidManifest.xml:19:9-22:66
33            android:name="com.example.app1.authentication.SimpleSignInActivity"
33-->src\main\AndroidManifest.xml:20:13-64
34            android:exported="false"
34-->src\main\AndroidManifest.xml:21:13-37
35            android:theme="@style/Theme.AppCompat.Translucent" />
35-->src\main\AndroidManifest.xml:22:13-63
36        <activity
36-->src\main\AndroidManifest.xml:23:9-26:66
37            android:name="com.example.app1.authentication.TwitterActivity"
37-->src\main\AndroidManifest.xml:24:13-59
38            android:exported="false"
38-->src\main\AndroidManifest.xml:25:13-37
39            android:theme="@style/Theme.AppCompat.Translucent" />
39-->src\main\AndroidManifest.xml:26:13-63
40        <activity
40-->src\main\AndroidManifest.xml:27:9-30:66
41            android:name="com.example.app1.authentication.GoogleActivity"
41-->src\main\AndroidManifest.xml:28:13-58
42            android:exported="false"
42-->src\main\AndroidManifest.xml:29:13-37
43            android:theme="@style/Theme.AppCompat.Translucent" />
43-->src\main\AndroidManifest.xml:30:13-63
44        <activity
44-->src\main\AndroidManifest.xml:31:9-34:61
45            android:name="com.example.app1.authentication.PasswordRecoveryActivity"
45-->src\main\AndroidManifest.xml:32:13-68
46            android:exported="false"
46-->src\main\AndroidManifest.xml:33:13-37
47            android:theme="@style/Theme.App1.NoActionBar" />
47-->src\main\AndroidManifest.xml:34:13-58
48        <activity
48-->src\main\AndroidManifest.xml:35:9-37:40
49            android:name="com.example.app1.authentication.SignUpActivity"
49-->src\main\AndroidManifest.xml:36:13-58
50            android:exported="false" />
50-->src\main\AndroidManifest.xml:37:13-37
51        <activity
51-->src\main\AndroidManifest.xml:38:9-41:61
52            android:name="com.example.app1.MainActivity"
52-->src\main\AndroidManifest.xml:39:13-41
53            android:exported="false"
53-->src\main\AndroidManifest.xml:40:13-37
54            android:theme="@style/Theme.App1.NoActionBar" />
54-->src\main\AndroidManifest.xml:41:13-58
55        <activity
55-->src\main\AndroidManifest.xml:42:9-44:40
56            android:name="com.example.app1.PreferenceActivity"
56-->src\main\AndroidManifest.xml:43:13-47
57            android:exported="false" />
57-->src\main\AndroidManifest.xml:44:13-37
58        <activity
58-->src\main\AndroidManifest.xml:45:9-49:61
59            android:name="com.example.app1.NewsActivity"
59-->src\main\AndroidManifest.xml:46:13-41
60            android:exported="false"
60-->src\main\AndroidManifest.xml:47:13-37
61            android:label="@string/title_activity_news"
61-->src\main\AndroidManifest.xml:48:13-56
62            android:theme="@style/Theme.App1.NoActionBar" />
62-->src\main\AndroidManifest.xml:49:13-58
63        <activity
63-->src\main\AndroidManifest.xml:50:9-52:40
64            android:name="com.example.app1.ErrorActivity"
64-->src\main\AndroidManifest.xml:51:13-42
65            android:exported="false" />
65-->src\main\AndroidManifest.xml:52:13-37
66        <activity
66-->src\main\AndroidManifest.xml:53:9-62:20
67            android:name="com.example.app1.authentication.LoginActivity"
67-->src\main\AndroidManifest.xml:54:13-57
68            android:exported="true"
68-->src\main\AndroidManifest.xml:55:13-36
69            android:theme="@style/Theme.App1.NoActionBar" >
69-->src\main\AndroidManifest.xml:56:13-58
70            <intent-filter>
70-->src\main\AndroidManifest.xml:57:13-61:29
71                <action android:name="android.intent.action.MAIN" />
71-->src\main\AndroidManifest.xml:58:17-69
71-->src\main\AndroidManifest.xml:58:25-66
72
73                <category android:name="android.intent.category.LAUNCHER" />
73-->src\main\AndroidManifest.xml:60:17-77
73-->src\main\AndroidManifest.xml:60:27-74
74            </intent-filter>
75        </activity>
76
77        <meta-data
77-->src\main\AndroidManifest.xml:64:9-66:57
78            android:name="preloaded_fonts"
78-->src\main\AndroidManifest.xml:65:13-43
79            android:resource="@array/preloaded_fonts" />
79-->src\main\AndroidManifest.xml:66:13-54
80
81        <provider
81-->[com.github.ivanisidrowu.KtRssReader:android:v2.1.2] AndroidManifest.xml:13:9-21:20
82            android:name="androidx.startup.InitializationProvider"
82-->[com.github.ivanisidrowu.KtRssReader:android:v2.1.2] AndroidManifest.xml:14:13-67
83            android:authorities="com.example.app1.androidx-startup"
83-->[com.github.ivanisidrowu.KtRssReader:android:v2.1.2] AndroidManifest.xml:15:13-68
84            android:exported="false" >
84-->[com.github.ivanisidrowu.KtRssReader:android:v2.1.2] AndroidManifest.xml:16:13-37
85            <meta-data
85-->[com.github.ivanisidrowu.KtRssReader:android:v2.1.2] AndroidManifest.xml:18:13-20:52
86                android:name="tw.ktrssreader.KtRssReaderInitializer"
86-->[com.github.ivanisidrowu.KtRssReader:android:v2.1.2] AndroidManifest.xml:19:17-69
87                android:value="androidx.startup" />
87-->[com.github.ivanisidrowu.KtRssReader:android:v2.1.2] AndroidManifest.xml:20:17-49
88            <meta-data
88-->[androidx.emoji2:emoji2:1.0.0] AndroidManifest.xml:31:13-33:52
89                android:name="androidx.emoji2.text.EmojiCompatInitializer"
89-->[androidx.emoji2:emoji2:1.0.0] AndroidManifest.xml:32:17-75
90                android:value="androidx.startup" />
90-->[androidx.emoji2:emoji2:1.0.0] AndroidManifest.xml:33:17-49
91            <meta-data
91-->[androidx.lifecycle:lifecycle-process:2.4.0] AndroidManifest.xml:31:13-33:52
92                android:name="androidx.lifecycle.ProcessLifecycleInitializer"
92-->[androidx.lifecycle:lifecycle-process:2.4.0] AndroidManifest.xml:32:17-78
93                android:value="androidx.startup" />
93-->[androidx.lifecycle:lifecycle-process:2.4.0] AndroidManifest.xml:33:17-49
94        </provider>
95
96        <service
96-->[com.google.firebase:firebase-database-ktx:20.0.5] AndroidManifest.xml:12:9-18:19
97            android:name="com.google.firebase.components.ComponentDiscoveryService"
97-->[com.google.firebase:firebase-database-ktx:20.0.5] AndroidManifest.xml:13:13-84
98            android:directBootAware="true"
98-->[com.google.firebase:firebase-common:20.1.1] AndroidManifest.xml:35:13-43
99            android:exported="false" >
99-->[com.google.firebase:firebase-database-ktx:20.0.5] AndroidManifest.xml:14:13-37
100            <meta-data
100-->[com.google.firebase:firebase-database-ktx:20.0.5] AndroidManifest.xml:15:13-17:85
101                android:name="com.google.firebase.components:com.google.firebase.database.ktx.FirebaseDatabaseKtxRegistrar"
101-->[com.google.firebase:firebase-database-ktx:20.0.5] AndroidManifest.xml:16:17-124
102                android:value="com.google.firebase.components.ComponentRegistrar" />
102-->[com.google.firebase:firebase-database-ktx:20.0.5] AndroidManifest.xml:17:17-82
103            <meta-data
103-->[com.google.firebase:firebase-analytics-ktx:21.0.0] AndroidManifest.xml:11:13-13:85
104                android:name="com.google.firebase.components:com.google.firebase.analytics.ktx.FirebaseAnalyticsKtxRegistrar"
104-->[com.google.firebase:firebase-analytics-ktx:21.0.0] AndroidManifest.xml:12:17-126
105                android:value="com.google.firebase.components.ComponentRegistrar" />
105-->[com.google.firebase:firebase-analytics-ktx:21.0.0] AndroidManifest.xml:13:17-82
106            <meta-data
106-->[com.google.firebase:firebase-auth-ktx:21.0.6] AndroidManifest.xml:11:13-13:85
107                android:name="com.google.firebase.components:com.google.firebase.auth.ktx.FirebaseAuthKtxRegistrar"
107-->[com.google.firebase:firebase-auth-ktx:21.0.6] AndroidManifest.xml:12:17-116
108                android:value="com.google.firebase.components.ComponentRegistrar" />
108-->[com.google.firebase:firebase-auth-ktx:21.0.6] AndroidManifest.xml:13:17-82
109            <meta-data
109-->[com.google.firebase:firebase-auth:21.0.6] AndroidManifest.xml:67:13-69:85
110                android:name="com.google.firebase.components:com.google.firebase.auth.FirebaseAuthRegistrar"
110-->[com.google.firebase:firebase-auth:21.0.6] AndroidManifest.xml:68:17-109
111                android:value="com.google.firebase.components.ComponentRegistrar" />
111-->[com.google.firebase:firebase-auth:21.0.6] AndroidManifest.xml:69:17-82
112            <meta-data
112-->[com.google.firebase:firebase-common-ktx:20.1.1] AndroidManifest.xml:15:13-17:85
113                android:name="com.google.firebase.components:com.google.firebase.ktx.FirebaseCommonKtxRegistrar"
113-->[com.google.firebase:firebase-common-ktx:20.1.1] AndroidManifest.xml:16:17-113
114                android:value="com.google.firebase.components.ComponentRegistrar" />
114-->[com.google.firebase:firebase-common-ktx:20.1.1] AndroidManifest.xml:17:17-82
115            <meta-data
115-->[com.google.firebase:firebase-database:20.0.5] AndroidManifest.xml:32:13-34:85
116                android:name="com.google.firebase.components:com.google.firebase.database.DatabaseRegistrar"
116-->[com.google.firebase:firebase-database:20.0.5] AndroidManifest.xml:33:17-109
117                android:value="com.google.firebase.components.ComponentRegistrar" />
117-->[com.google.firebase:firebase-database:20.0.5] AndroidManifest.xml:34:17-82
118            <meta-data
118-->[com.google.android.gms:play-services-measurement-api:21.0.0] AndroidManifest.xml:31:13-33:85
119                android:name="com.google.firebase.components:com.google.firebase.analytics.connector.internal.AnalyticsConnectorRegistrar"
119-->[com.google.android.gms:play-services-measurement-api:21.0.0] AndroidManifest.xml:32:17-139
120                android:value="com.google.firebase.components.ComponentRegistrar" />
120-->[com.google.android.gms:play-services-measurement-api:21.0.0] AndroidManifest.xml:33:17-82
121            <meta-data
121-->[com.google.firebase:firebase-installations:17.0.1] AndroidManifest.xml:18:13-20:85
122                android:name="com.google.firebase.components:com.google.firebase.installations.FirebaseInstallationsRegistrar"
122-->[com.google.firebase:firebase-installations:17.0.1] AndroidManifest.xml:19:17-127
123                android:value="com.google.firebase.components.ComponentRegistrar" />
123-->[com.google.firebase:firebase-installations:17.0.1] AndroidManifest.xml:20:17-82
124        </service>
125
126        <activity
126-->[com.google.android.gms:play-services-auth:20.2.0] AndroidManifest.xml:23:9-27:75
127            android:name="com.google.android.gms.auth.api.signin.internal.SignInHubActivity"
127-->[com.google.android.gms:play-services-auth:20.2.0] AndroidManifest.xml:24:13-93
128            android:excludeFromRecents="true"
128-->[com.google.android.gms:play-services-auth:20.2.0] AndroidManifest.xml:25:13-46
129            android:exported="false"
129-->[com.google.android.gms:play-services-auth:20.2.0] AndroidManifest.xml:26:13-37
130            android:theme="@android:style/Theme.Translucent.NoTitleBar" />
130-->[com.google.android.gms:play-services-auth:20.2.0] AndroidManifest.xml:27:13-72
131        <!--
132            Service handling Google Sign-In user revocation. For apps that do not integrate with
133            Google Sign-In, this service will never be started.
134        -->
135        <service
135-->[com.google.android.gms:play-services-auth:20.2.0] AndroidManifest.xml:33:9-37:51
136            android:name="com.google.android.gms.auth.api.signin.RevocationBoundService"
136-->[com.google.android.gms:play-services-auth:20.2.0] AndroidManifest.xml:34:13-89
137            android:exported="true"
137-->[com.google.android.gms:play-services-auth:20.2.0] AndroidManifest.xml:35:13-36
138            android:permission="com.google.android.gms.auth.api.signin.permission.REVOCATION_NOTIFICATION"
138-->[com.google.android.gms:play-services-auth:20.2.0] AndroidManifest.xml:36:13-107
139            android:visibleToInstantApps="true" />
139-->[com.google.android.gms:play-services-auth:20.2.0] AndroidManifest.xml:37:13-48
140
141        <activity
141-->[com.google.firebase:firebase-auth:21.0.6] AndroidManifest.xml:27:9-44:20
142            android:name="com.google.firebase.auth.internal.GenericIdpActivity"
142-->[com.google.firebase:firebase-auth:21.0.6] AndroidManifest.xml:28:13-80
143            android:excludeFromRecents="true"
143-->[com.google.firebase:firebase-auth:21.0.6] AndroidManifest.xml:29:13-46
144            android:exported="true"
144-->[com.google.firebase:firebase-auth:21.0.6] AndroidManifest.xml:30:13-36
145            android:launchMode="singleTask"
145-->[com.google.firebase:firebase-auth:21.0.6] AndroidManifest.xml:31:13-44
146            android:theme="@android:style/Theme.Translucent.NoTitleBar" >
146-->[com.google.firebase:firebase-auth:21.0.6] AndroidManifest.xml:32:13-72
147            <intent-filter>
147-->[com.google.firebase:firebase-auth:21.0.6] AndroidManifest.xml:33:13-43:29
148                <action android:name="android.intent.action.VIEW" />
148-->[com.google.firebase:firebase-auth:21.0.6] AndroidManifest.xml:34:17-69
148-->[com.google.firebase:firebase-auth:21.0.6] AndroidManifest.xml:34:25-66
149
150                <category android:name="android.intent.category.DEFAULT" />
150-->[com.google.firebase:firebase-auth:21.0.6] AndroidManifest.xml:36:17-76
150-->[com.google.firebase:firebase-auth:21.0.6] AndroidManifest.xml:36:27-73
151                <category android:name="android.intent.category.BROWSABLE" />
151-->[com.google.firebase:firebase-auth:21.0.6] AndroidManifest.xml:37:17-78
151-->[com.google.firebase:firebase-auth:21.0.6] AndroidManifest.xml:37:27-75
152
153                <data
153-->[com.google.firebase:firebase-auth:21.0.6] AndroidManifest.xml:39:17-42:51
154                    android:host="firebase.auth"
154-->[com.google.firebase:firebase-auth:21.0.6] AndroidManifest.xml:40:21-49
155                    android:path="/"
155-->[com.google.firebase:firebase-auth:21.0.6] AndroidManifest.xml:41:21-37
156                    android:scheme="genericidp" />
156-->[com.google.firebase:firebase-auth:21.0.6] AndroidManifest.xml:42:21-48
157            </intent-filter>
158        </activity>
159        <activity
159-->[com.google.firebase:firebase-auth:21.0.6] AndroidManifest.xml:45:9-62:20
160            android:name="com.google.firebase.auth.internal.RecaptchaActivity"
160-->[com.google.firebase:firebase-auth:21.0.6] AndroidManifest.xml:46:13-79
161            android:excludeFromRecents="true"
161-->[com.google.firebase:firebase-auth:21.0.6] AndroidManifest.xml:47:13-46
162            android:exported="true"
162-->[com.google.firebase:firebase-auth:21.0.6] AndroidManifest.xml:48:13-36
163            android:launchMode="singleTask"
163-->[com.google.firebase:firebase-auth:21.0.6] AndroidManifest.xml:49:13-44
164            android:theme="@android:style/Theme.Translucent.NoTitleBar" >
164-->[com.google.firebase:firebase-auth:21.0.6] AndroidManifest.xml:50:13-72
165            <intent-filter>
165-->[com.google.firebase:firebase-auth:21.0.6] AndroidManifest.xml:51:13-61:29
166                <action android:name="android.intent.action.VIEW" />
166-->[com.google.firebase:firebase-auth:21.0.6] AndroidManifest.xml:34:17-69
166-->[com.google.firebase:firebase-auth:21.0.6] AndroidManifest.xml:34:25-66
167
168                <category android:name="android.intent.category.DEFAULT" />
168-->[com.google.firebase:firebase-auth:21.0.6] AndroidManifest.xml:36:17-76
168-->[com.google.firebase:firebase-auth:21.0.6] AndroidManifest.xml:36:27-73
169                <category android:name="android.intent.category.BROWSABLE" />
169-->[com.google.firebase:firebase-auth:21.0.6] AndroidManifest.xml:37:17-78
169-->[com.google.firebase:firebase-auth:21.0.6] AndroidManifest.xml:37:27-75
170
171                <data
171-->[com.google.firebase:firebase-auth:21.0.6] AndroidManifest.xml:39:17-42:51
172                    android:host="firebase.auth"
172-->[com.google.firebase:firebase-auth:21.0.6] AndroidManifest.xml:40:21-49
173                    android:path="/"
173-->[com.google.firebase:firebase-auth:21.0.6] AndroidManifest.xml:41:21-37
174                    android:scheme="recaptcha" />
174-->[com.google.firebase:firebase-auth:21.0.6] AndroidManifest.xml:42:21-48
175            </intent-filter>
176        </activity>
177
178        <provider
178-->[com.google.firebase:firebase-common:20.1.1] AndroidManifest.xml:26:9-31:39
179            android:name="com.google.firebase.provider.FirebaseInitProvider"
179-->[com.google.firebase:firebase-common:20.1.1] AndroidManifest.xml:27:13-77
180            android:authorities="com.example.app1.firebaseinitprovider"
180-->[com.google.firebase:firebase-common:20.1.1] AndroidManifest.xml:28:13-72
181            android:directBootAware="true"
181-->[com.google.firebase:firebase-common:20.1.1] AndroidManifest.xml:29:13-43
182            android:exported="false"
182-->[com.google.firebase:firebase-common:20.1.1] AndroidManifest.xml:30:13-37
183            android:initOrder="100" />
183-->[com.google.firebase:firebase-common:20.1.1] AndroidManifest.xml:31:13-36
184
185        <activity
185-->[com.google.android.gms:play-services-base:18.0.1] AndroidManifest.xml:20:9-22:45
186            android:name="com.google.android.gms.common.api.GoogleApiActivity"
186-->[com.google.android.gms:play-services-base:18.0.1] AndroidManifest.xml:20:19-85
187            android:exported="false"
187-->[com.google.android.gms:play-services-base:18.0.1] AndroidManifest.xml:22:19-43
188            android:theme="@android:style/Theme.Translucent.NoTitleBar" />
188-->[com.google.android.gms:play-services-base:18.0.1] AndroidManifest.xml:21:19-78
189
190        <receiver
190-->[com.google.android.gms:play-services-measurement:21.0.0] AndroidManifest.xml:29:9-33:20
191            android:name="com.google.android.gms.measurement.AppMeasurementReceiver"
191-->[com.google.android.gms:play-services-measurement:21.0.0] AndroidManifest.xml:30:13-85
192            android:enabled="true"
192-->[com.google.android.gms:play-services-measurement:21.0.0] AndroidManifest.xml:31:13-35
193            android:exported="false" >
193-->[com.google.android.gms:play-services-measurement:21.0.0] AndroidManifest.xml:32:13-37
194        </receiver>
195
196        <service
196-->[com.google.android.gms:play-services-measurement:21.0.0] AndroidManifest.xml:35:9-38:40
197            android:name="com.google.android.gms.measurement.AppMeasurementService"
197-->[com.google.android.gms:play-services-measurement:21.0.0] AndroidManifest.xml:36:13-84
198            android:enabled="true"
198-->[com.google.android.gms:play-services-measurement:21.0.0] AndroidManifest.xml:37:13-35
199            android:exported="false" />
199-->[com.google.android.gms:play-services-measurement:21.0.0] AndroidManifest.xml:38:13-37
200        <service
200-->[com.google.android.gms:play-services-measurement:21.0.0] AndroidManifest.xml:39:9-43:72
201            android:name="com.google.android.gms.measurement.AppMeasurementJobService"
201-->[com.google.android.gms:play-services-measurement:21.0.0] AndroidManifest.xml:40:13-87
202            android:enabled="true"
202-->[com.google.android.gms:play-services-measurement:21.0.0] AndroidManifest.xml:41:13-35
203            android:exported="false"
203-->[com.google.android.gms:play-services-measurement:21.0.0] AndroidManifest.xml:42:13-37
204            android:permission="android.permission.BIND_JOB_SERVICE" />
204-->[com.google.android.gms:play-services-measurement:21.0.0] AndroidManifest.xml:43:13-69
205
206        <meta-data
206-->[com.google.android.gms:play-services-basement:18.0.0] AndroidManifest.xml:21:9-23:69
207            android:name="com.google.android.gms.version"
207-->[com.google.android.gms:play-services-basement:18.0.0] AndroidManifest.xml:22:13-58
208            android:value="@integer/google_play_services_version" />
208-->[com.google.android.gms:play-services-basement:18.0.0] AndroidManifest.xml:23:13-66
209
210        <service
210-->[androidx.room:room-runtime:2.2.6] AndroidManifest.xml:25:9-28:40
211            android:name="androidx.room.MultiInstanceInvalidationService"
211-->[androidx.room:room-runtime:2.2.6] AndroidManifest.xml:26:13-74
212            android:directBootAware="true"
212-->[androidx.room:room-runtime:2.2.6] AndroidManifest.xml:27:13-43
213            android:exported="false" />
213-->[androidx.room:room-runtime:2.2.6] AndroidManifest.xml:28:13-37
214    </application>
215
216</manifest>